2026-03-04 10:48:36.819 | INFO     | risk_manager:_load_risk_state:80 - 📁 No existing risk state found
2026-03-04 10:48:36.823 | INFO     | risk_manager:__init__:52 - 🛡️ Risk Manager initialized
2026-03-04 10:48:36.824 | INFO     | risk_manager:__init__:53 -    Max Risk per Trade: 1.0%
2026-03-04 10:48:36.824 | INFO     | risk_manager:__init__:54 -    Max Daily Loss: 2.0%
2026-03-04 10:48:36.841 | INFO     | risk_manager:__init__:55 -    Max Drawdown: 15.0%
2026-03-04 10:48:36.843 | INFO     | grid_manager:_load_state:72 - 📁 No existing grid state found
2026-03-04 10:48:36.846 | INFO     | grid_manager:_load_profit_tracker:100 - 💰 No existing profit data found
2026-03-04 10:48:36.847 | INFO     | grid_manager:__init__:56 - 🎯 Gold Grid Manager initialized for XAUUSD
2026-03-04 10:48:36.848 | INFO     | grid_manager:__init__:57 -    Max Grid Levels: 15
2026-03-04 10:48:36.848 | INFO     | grid_manager:__init__:58 -    Profit Target: 3.0% per level
2026-03-04 10:48:36.849 | INFO     | grid_manager:__init__:59 -    Milestone: $1000.0
2026-03-04 10:48:36.858 | INFO     | __main__:__init__:64 - 🤖 Gold Grid Bot initialized
2026-03-04 10:48:36.858 | INFO     | __main__:__init__:65 -    Symbol: XAUUSD
2026-03-04 10:48:36.859 | INFO     | __main__:__init__:66 -    Strategy: Buy-only Grid with 15 levels
2026-03-04 10:48:36.860 | INFO     | __main__:__init__:67 -    Profit Target: 3.0% per level
2026-03-04 10:48:36.862 | INFO     | __main__:__init__:68 -    Milestone: $1000.0
2026-03-04 10:48:36.863 | INFO     | __main__:initialize:73 - 🚀 Initializing Gold Grid Bot...
2026-03-04 10:48:37.882 | INFO     | mt5_broker:connect:26 - Connecting to MT5 (Attempt 1/3)...
2026-03-04 10:48:38.120 | INFO     | mt5_broker:connect:42 - Logging into Exness-MT5Real19 (Account: 157076824)...
2026-03-04 10:48:38.210 | INFO     | mt5_broker:connect:56 - Connected to MT5 - Balance: $198.50
2026-03-04 10:48:38.265 | INFO     | __main__:initialize:91 - ✅ Connected to MT5 - Account: 157076824
2026-03-04 10:48:38.306 | INFO     | __main__:initialize:92 -    Balance: $198.50
2026-03-04 10:48:38.307 | INFO     | __main__:initialize:93 -    Equity: $6.50
2026-03-04 10:48:38.316 | ERROR    | __main__:initialize:98 - ❌ Symbol XAUUSD not available
2026-03-04 10:48:38.317 | ERROR    | __main__:start:235 - ❌ Failed to initialize, exiting
2026-03-04 10:48:38.336 | INFO     | __main__:stop:253 - ⏹️ Stopping Gold Grid Bot...
2026-03-04 10:48:38.341 | INFO     | grid_manager:clear_grid:442 - 🧹 Grid cleared successfully
2026-03-04 10:48:38.343 | INFO     | __main__:stop:263 - ✅ Gold Grid Bot stopped
2026-03-04 11:02:16.980 | INFO     | risk_manager:_load_risk_state:80 - 📁 No existing risk state found
2026-03-04 11:02:16.984 | INFO     | risk_manager:__init__:52 - 🛡️ Risk Manager initialized
2026-03-04 11:02:16.985 | INFO     | risk_manager:__init__:53 -    Max Risk per Trade: 1.0%
2026-03-04 11:02:16.986 | INFO     | risk_manager:__init__:54 -    Max Daily Loss: 2.0%
2026-03-04 11:02:16.986 | INFO     | risk_manager:__init__:55 -    Max Drawdown: 15.0%
2026-03-04 11:02:16.987 | INFO     | grid_manager:_load_state:69 - 📁 Loaded grid state: 0 levels
2026-03-04 11:02:16.995 | INFO     | grid_manager:_load_profit_tracker:100 - 💰 No existing profit data found
2026-03-04 11:02:16.995 | INFO     | grid_manager:__init__:56 - 🎯 Gold Grid Manager initialized for XAUUSDc
2026-03-04 11:02:17.016 | INFO     | grid_manager:__init__:57 -    Max Grid Levels: 15
2026-03-04 11:02:17.018 | INFO     | grid_manager:__init__:58 -    Profit Target: 3.0% per level
2026-03-04 11:02:17.035 | INFO     | grid_manager:__init__:59 -    Milestone: $100.0
2026-03-04 11:02:17.039 | INFO     | __main__:__init__:64 - 🤖 Gold Grid Bot initialized
2026-03-04 11:02:17.042 | INFO     | __main__:__init__:65 -    Symbol: XAUUSDc
2026-03-04 11:02:17.044 | INFO     | __main__:__init__:66 -    Strategy: Buy-only Grid with 15 levels
2026-03-04 11:02:17.045 | INFO     | __main__:__init__:67 -    Profit Target: 3.0% per level
2026-03-04 11:02:17.046 | INFO     | __main__:__init__:68 -    Milestone: $100.0
2026-03-04 11:02:17.047 | INFO     | __main__:initialize:73 - 🚀 Initializing Gold Grid Bot...
2026-03-04 11:02:18.057 | INFO     | mt5_broker:connect:26 - Connecting to MT5 (Attempt 1/3)...
2026-03-04 11:02:18.064 | INFO     | mt5_broker:connect:42 - Logging into Exness-MT5Real19 (Account: 157076824)...
2026-03-04 11:02:18.067 | INFO     | mt5_broker:connect:56 - Connected to MT5 - Balance: $198.50
2026-03-04 11:02:18.068 | INFO     | __main__:initialize:91 - ✅ Connected to MT5 - Account: 157076824
2026-03-04 11:02:18.069 | INFO     | __main__:initialize:92 -    Balance: $198.50
2026-03-04 11:02:18.069 | INFO     | __main__:initialize:93 -    Equity: $6.50
2026-03-04 11:02:18.072 | INFO     | __main__:initialize:101 - ✅ Symbol XAUUSDc available
2026-03-04 11:02:18.073 | INFO     | __main__:initialize:102 -    Spread: 360 points
2026-03-04 11:02:18.074 | INFO     | __main__:initialize:103 -    Min Lot: 0.01
2026-03-04 11:02:18.074 | INFO     | __main__:initialize:104 -    Max Lot: 200.0
2026-03-04 11:02:18.079 | INFO     | risk_manager:_initialize_account_tracking:109 - 💰 Account initialized: Balance=$198.50
2026-03-04 11:02:18.080 | INFO     | __main__:initialize:112 - ✅ Gold Grid Bot initialized successfully
2026-03-04 11:02:18.081 | INFO     | __main__:start:239 - 🚀 Gold Grid Bot started
2026-03-04 11:02:18.083 | INFO     | __main__:run_main_loop:197 - 🔄 Starting main trading loop...
2026-03-04 11:05:52.362 | INFO     | __main__:signal_handler:303 - Received signal 2, shutting down...
2026-03-04 11:05:56.460 | INFO     | __main__:signal_handler:303 - Received signal 2, shutting down...
2026-03-04 11:05:57.462 | INFO     | __main__:signal_handler:303 - Received signal 2, shutting down...
2026-03-04 11:05:58.390 | INFO     | __main__:signal_handler:303 - Received signal 2, shutting down...
2026-03-04 11:05:58.617 | INFO     | __main__:signal_handler:303 - Received signal 2, shutting down...
2026-03-04 11:05:58.789 | INFO     | __main__:signal_handler:303 - Received signal 2, shutting down...
2026-03-04 11:05:58.970 | INFO     | __main__:signal_handler:303 - Received signal 2, shutting down...
2026-03-04 11:05:59.158 | INFO     | __main__:signal_handler:303 - Received signal 2, shutting down...
2026-03-04 11:05:59.350 | INFO     | __main__:signal_handler:303 - Received signal 2, shutting down...
2026-03-04 11:06:04.044 | INFO     | __main__:signal_handler:303 - Received signal 2, shutting down...
2026-03-04 11:07:18.233 | INFO     | __main__:analyze_market:133 - 🔍 Analyzing market conditions...
2026-03-04 11:07:18.282 | INFO     | market_analyzer:analyze_market_conditions:207 - 🔍 Starting market analysis...
2026-03-04 11:07:18.313 | INFO     | market_analyzer:calculate_atr:45 - 📊 ATR(14): 0.0177 (1.77%)
2026-03-04 11:07:18.326 | INFO     | market_analyzer:calculate_adx:120 - 📈 ADX(14): 24.2 (WEAK BEARISH)
2026-03-04 11:07:18.327 | INFO     | market_analyzer:calculate_ema:137 - 📊 EMA(20): 5125.73
2026-03-04 11:07:18.328 | INFO     | market_analyzer:check_volatility_filter:163 - ✅ Volatility filter: ATR acceptable: 1.77%
2026-03-04 11:07:18.329 | INFO     | market_analyzer:check_trend_filter:194 - ✅ Trend filter: Moderate trend: ADX 24.2 (Normal trading)
2026-03-04 11:07:18.350 | INFO     | market_analyzer:analyze_market_conditions:258 - 📊 Market Analysis Complete: FAVORABLE
2026-03-04 11:07:18.351 | INFO     | market_analyzer:analyze_market_conditions:259 -    Volatility: ✅ (1.77%)
2026-03-04 11:07:18.352 | INFO     | market_analyzer:analyze_market_conditions:260 -    Trend: ✅ (ADX 24.2)
2026-03-04 11:07:18.353 | INFO     | market_analyzer:analyze_market_conditions:261 -    Grid Adjustment: 100%
2026-03-04 11:07:18.353 | INFO     | risk_manager:comprehensive_risk_check:348 - 🔍 Performing comprehensive risk assessment...
2026-03-04 11:07:18.361 | INFO     | risk_manager:check_risk_limits:223 - ✅ All risk limits within bounds
2026-03-04 11:07:18.362 | INFO     | risk_manager:check_volatility_risk:307 - ✅ Volatility risk acceptable: ATR 1.77%
2026-03-04 11:07:18.366 | INFO     | risk_manager:check_trend_risk:335 - ✅ Trend risk acceptable: WEAK trend (ADX 24.2)
2026-03-04 11:07:18.369 | INFO     | risk_manager:comprehensive_risk_check:393 - 📊 Risk Assessment Summary:
2026-03-04 11:07:18.370 | INFO     | risk_manager:comprehensive_risk_check:394 -    Overall: ✅ ALLOWED
2026-03-04 11:07:18.372 | INFO     | risk_manager:comprehensive_risk_check:395 -    Basic Limits: ✅
2026-03-04 11:07:18.375 | INFO     | risk_manager:comprehensive_risk_check:396 -    Volatility: ✅
2026-03-04 11:07:18.375 | INFO     | risk_manager:comprehensive_risk_check:397 -    Trend: ✅
2026-03-04 11:07:18.377 | INFO     | __main__:analyze_market:156 - 📊 Analysis complete - Market: FAVORABLE
2026-03-04 11:07:18.377 | INFO     | __main__:analyze_market:157 -    Trading Allowed: True
2026-03-04 11:07:18.378 | INFO     | __main__:execute_trading_logic:181 - 🎯 Executing grid logic at $5133.76
2026-03-04 11:07:18.400 | INFO     | grid_manager:update_grid:463 - 🔄 Updating grid: Adjustment=100%, Spacing=$37.50
2026-03-04 11:07:18.401 | INFO     | grid_manager:calculate_grid_levels:135 - 📊 Calculated 15 grid levels with $37.50 spacing
2026-03-04 11:07:18.402 | INFO     | grid_manager:calculate_position_size:156 - 📏 Position size: 0.01 lots (Balance: $216.60)
2026-03-04 11:07:18.403 | WARNING  | mt5_broker:_send_with_retry:128 - ⚠️ Trade Retry (1/50): AutoTrading disabled by client (Code 10027). Retrying in 0.5s...
2026-03-04 11:07:18.917 | WARNING  | mt5_broker:_send_with_retry:128 - ⚠️ Trade Retry (2/50): AutoTrading disabled by client (Code 10027). Retrying in 0.5s...
2026-03-04 11:07:19.428 | WARNING  | mt5_broker:_send_with_retry:128 - ⚠️ Trade Retry (3/50): AutoTrading disabled by client (Code 10027). Retrying in 0.5s...
2026-03-04 11:07:19.935 | WARNING  | mt5_broker:_send_with_retry:128 - ⚠️ Trade Retry (4/50): AutoTrading disabled by client (Code 10027). Retrying in 0.5s...
2026-03-04 11:07:20.440 | WARNING  | mt5_broker:_send_with_retry:128 - ⚠️ Trade Retry (5/50): AutoTrading disabled by client (Code 10027). Retrying in 0.5s...
2026-03-04 11:07:20.949 | WARNING  | mt5_broker:_send_with_retry:128 - ⚠️ Trade Retry (6/50): AutoTrading disabled by client (Code 10027). Retrying in 0.5s...
2026-03-04 11:07:21.465 | WARNING  | mt5_broker:_send_with_retry:128 - ⚠️ Trade Retry (7/50): AutoTrading disabled by client (Code 10027). Retrying in 0.5s...
2026-03-04 11:07:21.972 | WARNING  | mt5_broker:_send_with_retry:128 - ⚠️ Trade Retry (8/50): AutoTrading disabled by client (Code 10027). Retrying in 0.5s...
2026-03-04 11:07:22.482 | WARNING  | mt5_broker:_send_with_retry:128 - ⚠️ Trade Retry (9/50): AutoTrading disabled by client (Code 10027). Retrying in 0.5s...
2026-03-04 11:07:22.986 | WARNING  | mt5_broker:_send_with_retry:128 - ⚠️ Trade Retry (10/50): AutoTrading disabled by client (Code 10027). Retrying in 0.5s...
2026-03-04 11:07:23.490 | WARNING  | mt5_broker:_send_with_retry:128 - ⚠️ Trade Retry (11/50): AutoTrading disabled by client (Code 10027). Retrying in 0.5s...
2026-03-04 11:07:23.991 | WARNING  | mt5_broker:_send_with_retry:128 - ⚠️ Trade Retry (12/50): AutoTrading disabled by client (Code 10027). Retrying in 0.5s...
2026-03-04 11:07:24.495 | WARNING  | mt5_broker:_send_with_retry:128 - ⚠️ Trade Retry (13/50): AutoTrading disabled by client (Code 10027). Retrying in 0.5s...
2026-03-04 11:07:25.006 | WARNING  | mt5_broker:_send_with_retry:128 - ⚠️ Trade Retry (14/50): AutoTrading disabled by client (Code 10027). Retrying in 0.5s...
2026-03-04 11:07:25.513 | WARNING  | mt5_broker:_send_with_retry:128 - ⚠️ Trade Retry (15/50): AutoTrading disabled by client (Code 10027). Retrying in 0.5s...
2026-03-04 11:07:26.025 | WARNING  | mt5_broker:_send_with_retry:128 - ⚠️ Trade Retry (16/50): AutoTrading disabled by client (Code 10027). Retrying in 0.5s...
2026-03-04 11:07:26.532 | WARNING  | mt5_broker:_send_with_retry:128 - ⚠️ Trade Retry (17/50): AutoTrading disabled by client (Code 10027). Retrying in 0.5s...
2026-03-04 11:07:27.035 | WARNING  | mt5_broker:_send_with_retry:128 - ⚠️ Trade Retry (18/50): AutoTrading disabled by client (Code 10027). Retrying in 0.5s...
2026-03-04 11:07:27.537 | WARNING  | mt5_broker:_send_with_retry:128 - ⚠️ Trade Retry (19/50): AutoTrading disabled by client (Code 10027). Retrying in 0.5s...
2026-03-04 11:07:28.045 | WARNING  | mt5_broker:_send_with_retry:128 - ⚠️ Trade Retry (20/50): AutoTrading disabled by client (Code 10027). Retrying in 0.5s...
2026-03-04 11:07:28.556 | WARNING  | mt5_broker:_send_with_retry:128 - ⚠️ Trade Retry (21/50): AutoTrading disabled by client (Code 10027). Retrying in 0.5s...
2026-03-04 11:07:29.065 | WARNING  | mt5_broker:_send_with_retry:128 - ⚠️ Trade Retry (22/50): AutoTrading disabled by client (Code 10027). Retrying in 0.5s...
2026-03-04 11:07:29.579 | WARNING  | mt5_broker:_send_with_retry:128 - ⚠️ Trade Retry (23/50): AutoTrading disabled by client (Code 10027). Retrying in 0.5s...
2026-03-04 11:07:30.094 | WARNING  | mt5_broker:_send_with_retry:128 - ⚠️ Trade Retry (24/50): AutoTrading disabled by client (Code 10027). Retrying in 0.5s...
2026-03-04 11:07:30.608 | WARNING  | mt5_broker:_send_with_retry:128 - ⚠️ Trade Retry (25/50): AutoTrading disabled by client (Code 10027). Retrying in 0.5s...
2026-03-04 11:07:31.119 | WARNING  | mt5_broker:_send_with_retry:128 - ⚠️ Trade Retry (26/50): AutoTrading disabled by client (Code 10027). Retrying in 0.5s...
2026-03-04 11:07:31.633 | WARNING  | mt5_broker:_send_with_retry:128 - ⚠️ Trade Retry (27/50): AutoTrading disabled by client (Code 10027). Retrying in 0.5s...
2026-03-04 11:07:32.141 | WARNING  | mt5_broker:_send_with_retry:128 - ⚠️ Trade Retry (28/50): AutoTrading disabled by client (Code 10027). Retrying in 0.5s...
2026-03-04 11:07:32.651 | WARNING  | mt5_broker:_send_with_retry:128 - ⚠️ Trade Retry (29/50): AutoTrading disabled by client (Code 10027). Retrying in 0.5s...
2026-03-04 11:07:33.165 | WARNING  | mt5_broker:_send_with_retry:128 - ⚠️ Trade Retry (30/50): AutoTrading disabled by client (Code 10027). Retrying in 0.5s...
2026-03-04 11:07:33.668 | WARNING  | mt5_broker:_send_with_retry:128 - ⚠️ Trade Retry (31/50): AutoTrading disabled by client (Code 10027). Retrying in 0.5s...
2026-03-04 11:07:34.182 | WARNING  | mt5_broker:_send_with_retry:128 - ⚠️ Trade Retry (32/50): AutoTrading disabled by client (Code 10027). Retrying in 0.5s...
2026-03-04 11:07:34.697 | WARNING  | mt5_broker:_send_with_retry:128 - ⚠️ Trade Retry (33/50): AutoTrading disabled by client (Code 10027). Retrying in 0.5s...
2026-03-04 11:07:35.208 | WARNING  | mt5_broker:_send_with_retry:128 - ⚠️ Trade Retry (34/50): AutoTrading disabled by client (Code 10027). Retrying in 0.5s...
2026-03-04 11:07:35.709 | WARNING  | mt5_broker:_send_with_retry:128 - ⚠️ Trade Retry (35/50): AutoTrading disabled by client (Code 10027). Retrying in 0.5s...
2026-03-04 11:07:36.216 | WARNING  | mt5_broker:_send_with_retry:128 - ⚠️ Trade Retry (36/50): AutoTrading disabled by client (Code 10027). Retrying in 0.5s...
2026-03-04 11:07:36.721 | WARNING  | mt5_broker:_send_with_retry:128 - ⚠️ Trade Retry (37/50): AutoTrading disabled by client (Code 10027). Retrying in 0.5s...
2026-03-04 11:07:37.225 | WARNING  | mt5_broker:_send_with_retry:128 - ⚠️ Trade Retry (38/50): AutoTrading disabled by client (Code 10027). Retrying in 0.5s...
2026-03-04 11:07:37.732 | WARNING  | mt5_broker:_send_with_retry:128 - ⚠️ Trade Retry (39/50): AutoTrading disabled by client (Code 10027). Retrying in 0.5s...
2026-03-04 11:07:38.237 | WARNING  | mt5_broker:_send_with_retry:128 - ⚠️ Trade Retry (40/50): AutoTrading disabled by client (Code 10027). Retrying in 0.5s...
2026-03-04 11:07:38.741 | WARNING  | mt5_broker:_send_with_retry:128 - ⚠️ Trade Retry (41/50): AutoTrading disabled by client (Code 10027). Retrying in 0.5s...
2026-03-04 11:07:39.244 | WARNING  | mt5_broker:_send_with_retry:128 - ⚠️ Trade Retry (42/50): AutoTrading disabled by client (Code 10027). Retrying in 0.5s...
2026-03-04 11:07:39.750 | WARNING  | mt5_broker:_send_with_retry:128 - ⚠️ Trade Retry (43/50): AutoTrading disabled by client (Code 10027). Retrying in 0.5s...
2026-03-04 11:07:40.258 | WARNING  | mt5_broker:_send_with_retry:128 - ⚠️ Trade Retry (44/50): AutoTrading disabled by client (Code 10027). Retrying in 0.5s...
2026-03-04 11:07:40.762 | WARNING  | mt5_broker:_send_with_retry:128 - ⚠️ Trade Retry (45/50): AutoTrading disabled by client (Code 10027). Retrying in 0.5s...
2026-03-04 11:07:41.275 | WARNING  | mt5_broker:_send_with_retry:128 - ⚠️ Trade Retry (46/50): AutoTrading disabled by client (Code 10027). Retrying in 0.5s...
2026-03-04 11:07:41.785 | WARNING  | mt5_broker:_send_with_retry:128 - ⚠️ Trade Retry (47/50): AutoTrading disabled by client (Code 10027). Retrying in 0.5s...
2026-03-04 11:07:42.302 | WARNING  | mt5_broker:_send_with_retry:128 - ⚠️ Trade Retry (48/50): AutoTrading disabled by client (Code 10027). Retrying in 0.5s...
2026-03-04 11:07:42.820 | WARNING  | mt5_broker:_send_with_retry:128 - ⚠️ Trade Retry (49/50): AutoTrading disabled by client (Code 10027). Retrying in 0.5s...
2026-03-04 11:07:43.330 | WARNING  | mt5_broker:_send_with_retry:128 - ⚠️ Trade Retry (50/50): AutoTrading disabled by client (Code 10027). Retrying in 0.5s...
2026-03-04 11:07:43.840 | ERROR    | mt5_broker:place_pending_order:177 - ❌ Order Final Failure for XAUUSDc: Code 10027, Comment: AutoTrading disabled by client
2026-03-04 11:07:43.841 | WARNING  | grid_manager:place_grid_orders:217 - Failed to place grid order at $5096.26: Code 10027: AutoTrading disabled by client
2026-03-04 11:07:43.842 | INFO     | grid_manager:calculate_position_size:156 - 📏 Position size: 0.01 lots (Balance: $216.60)
2026-03-04 11:07:43.842 | WARNING  | mt5_broker:_send_with_retry:128 - ⚠️ Trade Retry (1/50): AutoTrading disabled by client (Code 10027). Retrying in 0.5s...
2026-03-04 11:07:44.356 | WARNING  | mt5_broker:_send_with_retry:128 - ⚠️ Trade Retry (2/50): AutoTrading disabled by client (Code 10027). Retrying in 0.5s...
2026-03-04 11:07:44.867 | WARNING  | mt5_broker:_send_with_retry:128 - ⚠️ Trade Retry (3/50): AutoTrading disabled by client (Code 10027). Retrying in 0.5s...
2026-03-04 11:07:45.378 | WARNING  | mt5_broker:_send_with_retry:128 - ⚠️ Trade Retry (4/50): AutoTrading disabled by client (Code 10027). Retrying in 0.5s...
2026-03-04 11:07:45.893 | WARNING  | mt5_broker:_send_with_retry:128 - ⚠️ Trade Retry (5/50): AutoTrading disabled by client (Code 10027). Retrying in 0.5s...
2026-03-04 11:07:46.407 | WARNING  | mt5_broker:_send_with_retry:128 - ⚠️ Trade Retry (6/50): AutoTrading disabled by client (Code 10027). Retrying in 0.5s...
2026-03-04 11:07:46.923 | WARNING  | mt5_broker:_send_with_retry:128 - ⚠️ Trade Retry (7/50): AutoTrading disabled by client (Code 10027). Retrying in 0.5s...
2026-03-04 11:07:47.431 | WARNING  | mt5_broker:_send_with_retry:128 - ⚠️ Trade Retry (8/50): AutoTrading disabled by client (Code 10027). Retrying in 0.5s...
2026-03-04 11:07:47.951 | WARNING  | mt5_broker:_send_with_retry:128 - ⚠️ Trade Retry (9/50): AutoTrading disabled by client (Code 10027). Retrying in 0.5s...
2026-03-04 11:07:48.468 | WARNING  | mt5_broker:_send_with_retry:128 - ⚠️ Trade Retry (10/50): AutoTrading disabled by client (Code 10027). Retrying in 0.5s...
2026-03-04 11:07:48.983 | WARNING  | mt5_broker:_send_with_retry:128 - ⚠️ Trade Retry (11/50): AutoTrading disabled by client (Code 10027). Retrying in 0.5s...
2026-03-04 11:07:49.490 | WARNING  | mt5_broker:_send_with_retry:128 - ⚠️ Trade Retry (12/50): AutoTrading disabled by client (Code 10027). Retrying in 0.5s...
2026-03-04 11:07:50.003 | WARNING  | mt5_broker:_send_with_retry:128 - ⚠️ Trade Retry (13/50): AutoTrading disabled by client (Code 10027). Retrying in 0.5s...
2026-03-04 11:07:50.514 | WARNING  | mt5_broker:_send_with_retry:128 - ⚠️ Trade Retry (14/50): AutoTrading disabled by client (Code 10027). Retrying in 0.5s...
2026-03-04 11:07:51.024 | WARNING  | mt5_broker:_send_with_retry:128 - ⚠️ Trade Retry (15/50): AutoTrading disabled by client (Code 10027). Retrying in 0.5s...
2026-03-04 11:07:51.527 | WARNING  | mt5_broker:_send_with_retry:128 - ⚠️ Trade Retry (16/50): AutoTrading disabled by client (Code 10027). Retrying in 0.5s...
2026-03-04 11:07:52.042 | WARNING  | mt5_broker:_send_with_retry:128 - ⚠️ Trade Retry (17/50): AutoTrading disabled by client (Code 10027). Retrying in 0.5s...
2026-03-04 11:07:52.550 | WARNING  | mt5_broker:_send_with_retry:128 - ⚠️ Trade Retry (18/50): AutoTrading disabled by client (Code 10027). Retrying in 0.5s...
2026-03-04 11:07:53.054 | WARNING  | mt5_broker:_send_with_retry:128 - ⚠️ Trade Retry (19/50): AutoTrading disabled by client (Code 10027). Retrying in 0.5s...
2026-03-04 11:07:53.607 | WARNING  | mt5_broker:_send_with_retry:128 - ⚠️ Trade Retry (20/50): AutoTrading disabled by client (Code 10027). Retrying in 0.5s...
2026-03-04 11:07:54.120 | WARNING  | mt5_broker:_send_with_retry:128 - ⚠️ Trade Retry (21/50): AutoTrading disabled by client (Code 10027). Retrying in 0.5s...
2026-03-04 11:07:54.632 | WARNING  | mt5_broker:_send_with_retry:128 - ⚠️ Trade Retry (22/50): AutoTrading disabled by client (Code 10027). Retrying in 0.5s...
2026-03-04 11:07:55.149 | WARNING  | mt5_broker:_send_with_retry:128 - ⚠️ Trade Retry (23/50): AutoTrading disabled by client (Code 10027). Retrying in 0.5s...
2026-03-04 11:07:55.761 | WARNING  | mt5_broker:_send_with_retry:128 - ⚠️ Trade Retry (24/50): AutoTrading disabled by client (Code 10027). Retrying in 0.5s...
2026-03-04 11:07:56.288 | WARNING  | mt5_broker:_send_with_retry:128 - ⚠️ Trade Retry (25/50): AutoTrading disabled by client (Code 10027). Retrying in 0.5s...
2026-03-04 11:07:56.962 | WARNING  | mt5_broker:_send_with_retry:128 - ⚠️ Trade Retry (26/50): AutoTrading disabled by client (Code 10027). Retrying in 0.5s...
2026-03-04 11:07:57.729 | WARNING  | mt5_broker:_send_with_retry:128 - ⚠️ Trade Retry (27/50): AutoTrading disabled by client (Code 10027). Retrying in 0.5s...
2026-03-04 11:07:58.268 | WARNING  | mt5_broker:_send_with_retry:128 - ⚠️ Trade Retry (28/50): AutoTrading disabled by client (Code 10027). Retrying in 0.5s...
2026-03-04 11:07:58.783 | WARNING  | mt5_broker:_send_with_retry:128 - ⚠️ Trade Retry (29/50): AutoTrading disabled by client (Code 10027). Retrying in 0.5s...
2026-03-04 11:07:59.307 | WARNING  | mt5_broker:_send_with_retry:128 - ⚠️ Trade Retry (30/50): AutoTrading disabled by client (Code 10027). Retrying in 0.5s...
2026-03-04 11:07:59.818 | WARNING  | mt5_broker:_send_with_retry:128 - ⚠️ Trade Retry (31/50): AutoTrading disabled by client (Code 10027). Retrying in 0.5s...
2026-03-04 11:08:00.323 | WARNING  | mt5_broker:_send_with_retry:128 - ⚠️ Trade Retry (32/50): AutoTrading disabled by client (Code 10027). Retrying in 0.5s...
2026-03-04 11:08:00.825 | WARNING  | mt5_broker:_send_with_retry:128 - ⚠️ Trade Retry (33/50): AutoTrading disabled by client (Code 10027). Retrying in 0.5s...
2026-03-04 11:08:01.331 | WARNING  | mt5_broker:_send_with_retry:128 - ⚠️ Trade Retry (34/50): AutoTrading disabled by client (Code 10027). Retrying in 0.5s...
2026-03-04 11:08:01.845 | WARNING  | mt5_broker:_send_with_retry:128 - ⚠️ Trade Retry (35/50): AutoTrading disabled by client (Code 10027). Retrying in 0.5s...
2026-03-04 11:08:02.396 | WARNING  | mt5_broker:_send_with_retry:128 - ⚠️ Trade Retry (36/50): AutoTrading disabled by client (Code 10027). Retrying in 0.5s...
2026-03-04 11:08:02.901 | WARNING  | mt5_broker:_send_with_retry:128 - ⚠️ Trade Retry (37/50): AutoTrading disabled by client (Code 10027). Retrying in 0.5s...
2026-03-04 11:08:03.413 | WARNING  | mt5_broker:_send_with_retry:128 - ⚠️ Trade Retry (38/50): AutoTrading disabled by client (Code 10027). Retrying in 0.5s...
2026-03-04 11:08:03.969 | WARNING  | mt5_broker:_send_with_retry:128 - ⚠️ Trade Retry (39/50): AutoTrading disabled by client (Code 10027). Retrying in 0.5s...
2026-03-04 11:08:04.789 | WARNING  | mt5_broker:_send_with_retry:128 - ⚠️ Trade Retry (40/50): AutoTrading disabled by client (Code 10027). Retrying in 0.5s...
2026-03-04 11:08:05.608 | WARNING  | mt5_broker:_send_with_retry:128 - ⚠️ Trade Retry (41/50): AutoTrading disabled by client (Code 10027). Retrying in 0.5s...
2026-03-04 11:08:06.231 | WARNING  | mt5_broker:_send_with_retry:128 - ⚠️ Trade Retry (42/50): AutoTrading disabled by client (Code 10027). Retrying in 0.5s...
2026-03-04 11:08:06.799 | WARNING  | mt5_broker:_send_with_retry:128 - ⚠️ Trade Retry (43/50): AutoTrading disabled by client (Code 10027). Retrying in 0.5s...
2026-03-04 11:08:07.447 | WARNING  | mt5_broker:_send_with_retry:128 - ⚠️ Trade Retry (44/50): AutoTrading disabled by client (Code 10027). Retrying in 0.5s...
2026-03-04 11:08:08.177 | WARNING  | mt5_broker:_send_with_retry:128 - ⚠️ Trade Retry (45/50): AutoTrading disabled by client (Code 10027). Retrying in 0.5s...
2026-03-04 11:08:08.687 | WARNING  | mt5_broker:_send_with_retry:128 - ⚠️ Trade Retry (46/50): AutoTrading disabled by client (Code 10027). Retrying in 0.5s...
2026-03-04 11:08:09.220 | WARNING  | mt5_broker:_send_with_retry:128 - ⚠️ Trade Retry (47/50): AutoTrading disabled by client (Code 10027). Retrying in 0.5s...
2026-03-04 11:08:09.739 | WARNING  | mt5_broker:_send_with_retry:128 - ⚠️ Trade Retry (48/50): AutoTrading disabled by client (Code 10027). Retrying in 0.5s...
2026-03-04 11:08:10.410 | WARNING  | mt5_broker:_send_with_retry:128 - ⚠️ Trade Retry (49/50): AutoTrading disabled by client (Code 10027). Retrying in 0.5s...
2026-03-04 11:08:11.046 | WARNING  | mt5_broker:_send_with_retry:128 - ⚠️ Trade Retry (50/50): AutoTrading disabled by client (Code 10027). Retrying in 0.5s...
2026-03-04 11:08:11.613 | ERROR    | mt5_broker:place_pending_order:177 - ❌ Order Final Failure for XAUUSDc: Code 10027, Comment: AutoTrading disabled by client
2026-03-04 11:08:11.937 | WARNING  | grid_manager:place_grid_orders:217 - Failed to place grid order at $5058.76: Code 10027: AutoTrading disabled by client
2026-03-04 11:08:12.016 | INFO     | grid_manager:calculate_position_size:156 - 📏 Position size: 0.01 lots (Balance: $216.60)
2026-03-04 11:08:12.049 | WARNING  | mt5_broker:_send_with_retry:128 - ⚠️ Trade Retry (1/50): AutoTrading disabled by client (Code 10027). Retrying in 0.5s...
2026-03-04 11:08:12.562 | WARNING  | mt5_broker:_send_with_retry:128 - ⚠️ Trade Retry (2/50): AutoTrading disabled by client (Code 10027). Retrying in 0.5s...
2026-03-04 11:08:13.066 | WARNING  | mt5_broker:_send_with_retry:128 - ⚠️ Trade Retry (3/50): AutoTrading disabled by client (Code 10027). Retrying in 0.5s...
2026-03-04 11:08:13.579 | WARNING  | mt5_broker:_send_with_retry:128 - ⚠️ Trade Retry (4/50): AutoTrading disabled by client (Code 10027). Retrying in 0.5s...
2026-03-04 11:08:14.091 | WARNING  | mt5_broker:_send_with_retry:128 - ⚠️ Trade Retry (5/50): AutoTrading disabled by client (Code 10027). Retrying in 0.5s...
2026-03-04 11:08:14.595 | WARNING  | mt5_broker:_send_with_retry:128 - ⚠️ Trade Retry (6/50): AutoTrading disabled by client (Code 10027). Retrying in 0.5s...
2026-03-04 11:08:15.109 | WARNING  | mt5_broker:_send_with_retry:128 - ⚠️ Trade Retry (7/50): AutoTrading disabled by client (Code 10027). Retrying in 0.5s...
2026-03-04 11:08:15.614 | WARNING  | mt5_broker:_send_with_retry:128 - ⚠️ Trade Retry (8/50): AutoTrading disabled by client (Code 10027). Retrying in 0.5s...
2026-03-04 11:08:15.621 | INFO     | __main__:signal_handler:303 - Received signal 2, shutting down...
2026-03-04 11:08:16.005 | INFO     | __main__:signal_handler:303 - Received signal 2, shutting down...
2026-03-04 11:08:16.129 | WARNING  | mt5_broker:_send_with_retry:128 - ⚠️ Trade Retry (9/50): AutoTrading disabled by client (Code 10027). Retrying in 0.5s...
2026-03-04 11:08:16.632 | WARNING  | mt5_broker:_send_with_retry:128 - ⚠️ Trade Retry (10/50): AutoTrading disabled by client (Code 10027). Retrying in 0.5s...
2026-03-04 11:08:16.644 | INFO     | __main__:signal_handler:303 - Received signal 2, shutting down...
2026-03-04 11:08:16.915 | INFO     | __main__:signal_handler:303 - Received signal 2, shutting down...
2026-03-04 11:08:17.147 | WARNING  | mt5_broker:_send_with_retry:128 - ⚠️ Trade Retry (11/50): AutoTrading disabled by client (Code 10027). Retrying in 0.5s...
2026-03-04 11:08:17.158 | INFO     | __main__:signal_handler:303 - Received signal 2, shutting down...
2026-03-04 11:08:17.348 | INFO     | __main__:signal_handler:303 - Received signal 2, shutting down...
2026-03-04 11:08:17.528 | INFO     | __main__:signal_handler:303 - Received signal 2, shutting down...
2026-03-04 11:08:17.640 | WARNING  | mt5_broker:_send_with_retry:128 - ⚠️ Trade Retry (12/50): AutoTrading disabled by client (Code 10027). Retrying in 0.5s...
2026-03-04 11:08:17.764 | INFO     | __main__:signal_handler:303 - Received signal 2, shutting down...
2026-03-04 11:08:18.141 | WARNING  | mt5_broker:_send_with_retry:128 - ⚠️ Trade Retry (13/50): AutoTrading disabled by client (Code 10027). Retrying in 0.5s...
2026-03-04 11:08:18.655 | WARNING  | mt5_broker:_send_with_retry:128 - ⚠️ Trade Retry (14/50): AutoTrading disabled by client (Code 10027). Retrying in 0.5s...
2026-03-04 11:08:19.166 | WARNING  | mt5_broker:_send_with_retry:128 - ⚠️ Trade Retry (15/50): AutoTrading disabled by client (Code 10027). Retrying in 0.5s...
2026-03-04 11:08:19.676 | WARNING  | mt5_broker:_send_with_retry:128 - ⚠️ Trade Retry (16/50): AutoTrading disabled by client (Code 10027). Retrying in 0.5s...
2026-03-04 11:08:20.191 | WARNING  | mt5_broker:_send_with_retry:128 - ⚠️ Trade Retry (17/50): AutoTrading disabled by client (Code 10027). Retrying in 0.5s...
2026-03-04 11:08:20.698 | WARNING  | mt5_broker:_send_with_retry:128 - ⚠️ Trade Retry (18/50): AutoTrading disabled by client (Code 10027). Retrying in 0.5s...
2026-03-04 11:08:21.199 | WARNING  | mt5_broker:_send_with_retry:128 - ⚠️ Trade Retry (19/50): AutoTrading disabled by client (Code 10027). Retrying in 0.5s...
2026-03-04 11:08:21.700 | WARNING  | mt5_broker:_send_with_retry:128 - ⚠️ Trade Retry (20/50): AutoTrading disabled by client (Code 10027). Retrying in 0.5s...
2026-03-04 11:08:22.217 | WARNING  | mt5_broker:_send_with_retry:128 - ⚠️ Trade Retry (21/50): AutoTrading disabled by client (Code 10027). Retrying in 0.5s...
2026-03-04 11:08:22.728 | WARNING  | mt5_broker:_send_with_retry:128 - ⚠️ Trade Retry (22/50): AutoTrading disabled by client (Code 10027). Retrying in 0.5s...
2026-03-04 11:08:23.238 | WARNING  | mt5_broker:_send_with_retry:128 - ⚠️ Trade Retry (23/50): AutoTrading disabled by client (Code 10027). Retrying in 0.5s...
2026-03-04 11:08:23.740 | WARNING  | mt5_broker:_send_with_retry:128 - ⚠️ Trade Retry (24/50): AutoTrading disabled by client (Code 10027). Retrying in 0.5s...
2026-03-04 11:08:24.258 | WARNING  | mt5_broker:_send_with_retry:128 - ⚠️ Trade Retry (25/50): AutoTrading disabled by client (Code 10027). Retrying in 0.5s...
2026-03-04 11:08:24.759 | WARNING  | mt5_broker:_send_with_retry:128 - ⚠️ Trade Retry (26/50): AutoTrading disabled by client (Code 10027). Retrying in 0.5s...
2026-03-04 11:08:25.271 | WARNING  | mt5_broker:_send_with_retry:128 - ⚠️ Trade Retry (27/50): AutoTrading disabled by client (Code 10027). Retrying in 0.5s...
2026-03-04 11:08:25.780 | WARNING  | mt5_broker:_send_with_retry:128 - ⚠️ Trade Retry (28/50): AutoTrading disabled by client (Code 10027). Retrying in 0.5s...
2026-03-04 11:08:26.286 | WARNING  | mt5_broker:_send_with_retry:128 - ⚠️ Trade Retry (29/50): AutoTrading disabled by client (Code 10027). Retrying in 0.5s...
2026-03-04 11:08:26.795 | WARNING  | mt5_broker:_send_with_retry:128 - ⚠️ Trade Retry (30/50): AutoTrading disabled by client (Code 10027). Retrying in 0.5s...
2026-03-04 11:08:27.297 | WARNING  | mt5_broker:_send_with_retry:128 - ⚠️ Trade Retry (31/50): AutoTrading disabled by client (Code 10027). Retrying in 0.5s...
2026-03-04 11:08:27.811 | WARNING  | mt5_broker:_send_with_retry:128 - ⚠️ Trade Retry (32/50): AutoTrading disabled by client (Code 10027). Retrying in 0.5s...
2026-03-04 11:08:28.327 | WARNING  | mt5_broker:_send_with_retry:128 - ⚠️ Trade Retry (33/50): AutoTrading disabled by client (Code 10027). Retrying in 0.5s...
2026-03-04 11:14:15.479 | INFO     | risk_manager:_load_risk_state:76 - 📁 Loaded risk state: Daily PnL=$13.50
2026-03-04 11:14:15.479 | INFO     | risk_manager:__init__:52 - 🛡️ Risk Manager initialized
2026-03-04 11:14:15.479 | INFO     | risk_manager:__init__:53 -    Max Risk per Trade: 1.0%
2026-03-04 11:14:15.484 | INFO     | risk_manager:__init__:54 -    Max Daily Loss: 2.0%
2026-03-04 11:14:15.486 | INFO     | risk_manager:__init__:55 -    Max Drawdown: 15.0%
2026-03-04 11:14:15.488 | INFO     | grid_manager:_load_state:69 - 📁 Loaded grid state: 0 levels
2026-03-04 11:14:15.489 | INFO     | grid_manager:_load_profit_tracker:100 - 💰 No existing profit data found
2026-03-04 11:14:15.490 | INFO     | grid_manager:__init__:56 - 🎯 Gold Grid Manager initialized for XAUUSDm
2026-03-04 11:14:15.490 | INFO     | grid_manager:__init__:57 -    Max Grid Levels: 15
2026-03-04 11:14:15.491 | INFO     | grid_manager:__init__:58 -    Profit Target: 3.0% per level
2026-03-04 11:14:15.492 | INFO     | grid_manager:__init__:59 -    Milestone: $100.0
2026-03-04 11:14:15.492 | INFO     | __main__:__init__:64 - 🤖 Gold Grid Bot initialized
2026-03-04 11:14:15.493 | INFO     | __main__:__init__:65 -    Symbol: XAUUSDm
2026-03-04 11:14:15.494 | INFO     | __main__:__init__:66 -    Strategy: Buy-only Grid with 15 levels
2026-03-04 11:14:15.495 | INFO     | __main__:__init__:67 -    Profit Target: 3.0% per level
2026-03-04 11:14:15.495 | INFO     | __main__:__init__:68 -    Milestone: $100.0
2026-03-04 11:14:15.496 | INFO     | __main__:initialize:73 - 🚀 Initializing Gold Grid Bot...
2026-03-04 11:14:15.497 | ERROR    | __main__:initialize:77 - ❌ Configuration validation failed
2026-03-04 11:14:15.497 | ERROR    | __main__:start:238 - ❌ Failed to initialize, exiting
2026-03-04 11:14:15.498 | INFO     | __main__:stop:256 - ⏹️ Stopping Gold Grid Bot...
2026-03-04 11:14:15.525 | INFO     | grid_manager:clear_grid:442 - 🧹 Grid cleared successfully
2026-03-04 11:14:15.532 | INFO     | __main__:stop:266 - ✅ Gold Grid Bot stopped
2026-03-04 11:14:30.062 | INFO     | risk_manager:_load_risk_state:76 - 📁 Loaded risk state: Daily PnL=$13.50
2026-03-04 11:14:30.064 | INFO     | risk_manager:__init__:52 - 🛡️ Risk Manager initialized
2026-03-04 11:14:30.064 | INFO     | risk_manager:__init__:53 -    Max Risk per Trade: 1.0%
2026-03-04 11:14:30.065 | INFO     | risk_manager:__init__:54 -    Max Daily Loss: 2.0%
2026-03-04 11:14:30.067 | INFO     | risk_manager:__init__:55 -    Max Drawdown: 15.0%
2026-03-04 11:14:30.069 | INFO     | grid_manager:_load_state:69 - 📁 Loaded grid state: 0 levels
2026-03-04 11:14:30.070 | INFO     | grid_manager:_load_profit_tracker:100 - 💰 No existing profit data found
2026-03-04 11:14:30.071 | INFO     | grid_manager:__init__:56 - 🎯 Gold Grid Manager initialized for XAUUSDm
2026-03-04 11:14:30.072 | INFO     | grid_manager:__init__:57 -    Max Grid Levels: 15
2026-03-04 11:14:30.073 | INFO     | grid_manager:__init__:58 -    Profit Target: 3.0% per level
2026-03-04 11:14:30.073 | INFO     | grid_manager:__init__:59 -    Milestone: $100.0
2026-03-04 11:14:30.074 | INFO     | __main__:__init__:64 - 🤖 Gold Grid Bot initialized
2026-03-04 11:14:30.075 | INFO     | __main__:__init__:65 -    Symbol: XAUUSDm
2026-03-04 11:14:30.075 | INFO     | __main__:__init__:66 -    Strategy: Buy-only Grid with 15 levels
2026-03-04 11:14:30.076 | INFO     | __main__:__init__:67 -    Profit Target: 3.0% per level
2026-03-04 11:14:30.077 | INFO     | __main__:__init__:68 -    Milestone: $100.0
2026-03-04 11:14:30.077 | INFO     | __main__:initialize:73 - 🚀 Initializing Gold Grid Bot...
2026-03-04 11:14:30.078 | ERROR    | __main__:initialize:77 - ❌ Configuration validation failed
2026-03-04 11:14:30.079 | ERROR    | __main__:start:238 - ❌ Failed to initialize, exiting
2026-03-04 11:14:30.081 | INFO     | __main__:stop:256 - ⏹️ Stopping Gold Grid Bot...
2026-03-04 11:14:30.083 | INFO     | grid_manager:clear_grid:442 - 🧹 Grid cleared successfully
2026-03-04 11:14:30.085 | INFO     | __main__:stop:266 - ✅ Gold Grid Bot stopped
2026-03-04 11:15:30.390 | INFO     | risk_manager:_load_risk_state:76 - 📁 Loaded risk state: Daily PnL=$13.50
2026-03-04 11:15:30.392 | INFO     | risk_manager:__init__:52 - 🛡️ Risk Manager initialized
2026-03-04 11:15:30.394 | INFO     | risk_manager:__init__:53 -    Max Risk per Trade: 1.0%
2026-03-04 11:15:30.402 | INFO     | risk_manager:__init__:54 -    Max Daily Loss: 2.0%
2026-03-04 11:15:30.404 | INFO     | risk_manager:__init__:55 -    Max Drawdown: 15.0%
2026-03-04 11:15:30.406 | INFO     | grid_manager:_load_state:69 - 📁 Loaded grid state: 0 levels
2026-03-04 11:15:30.408 | INFO     | grid_manager:_load_profit_tracker:100 - 💰 No existing profit data found
2026-03-04 11:15:30.408 | INFO     | grid_manager:__init__:56 - 🎯 Gold Grid Manager initialized for XAUUSDm
2026-03-04 11:15:30.409 | INFO     | grid_manager:__init__:57 -    Max Grid Levels: 15
2026-03-04 11:15:30.410 | INFO     | grid_manager:__init__:58 -    Profit Target: 3.0% per level
2026-03-04 11:15:30.410 | INFO     | grid_manager:__init__:59 -    Milestone: $100.0
2026-03-04 11:15:30.418 | INFO     | __main__:__init__:64 - 🤖 Gold Grid Bot initialized
2026-03-04 11:15:30.419 | INFO     | __main__:__init__:65 -    Symbol: XAUUSDm
2026-03-04 11:15:30.421 | INFO     | __main__:__init__:66 -    Strategy: Buy-only Grid with 15 levels
2026-03-04 11:15:30.431 | INFO     | __main__:__init__:67 -    Profit Target: 3.0% per level
2026-03-04 11:15:30.442 | INFO     | __main__:__init__:68 -    Milestone: $100.0
2026-03-04 11:15:30.444 | INFO     | __main__:initialize:73 - 🚀 Initializing Gold Grid Bot...
2026-03-04 11:15:31.458 | INFO     | mt5_broker:connect:26 - Connecting to MT5 (Attempt 1/3)...
2026-03-04 11:15:31.473 | INFO     | mt5_broker:connect:42 - Logging into Exness-MT5Trial15 (Account: 260150554)...
2026-03-04 11:15:37.438 | INFO     | mt5_broker:connect:56 - Connected to MT5 - Balance: $500.00
2026-03-04 11:15:37.440 | INFO     | __main__:initialize:91 - ✅ Connected to MT5 - Account: 260150554
2026-03-04 11:15:37.441 | INFO     | __main__:initialize:92 -    Balance: $500.00
2026-03-04 11:15:37.441 | INFO     | __main__:initialize:93 -    Equity: $500.00
2026-03-04 11:15:37.442 | INFO     | __main__:initialize:101 - ✅ Symbol XAUUSDm available
2026-03-04 11:15:37.442 | INFO     | __main__:initialize:102 -    Spread: 360 points
2026-03-04 11:15:37.443 | INFO     | __main__:initialize:103 -    Min Lot: 0.01
2026-03-04 11:15:37.444 | INFO     | __main__:initialize:104 -    Max Lot: 200.0
2026-03-04 11:15:37.456 | INFO     | risk_manager:_initialize_account_tracking:109 - 💰 Account initialized: Balance=$500.00
2026-03-04 11:15:37.459 | ERROR    | __main__:_launch_dashboard:318 - Failed to launch dashboard: name 'os' is not defined
2026-03-04 11:15:37.460 | INFO     | __main__:initialize:115 - ✅ Gold Grid Bot initialized successfully
2026-03-04 11:15:37.460 | INFO     | __main__:start:242 - 🚀 Gold Grid Bot started
2026-03-04 11:15:37.461 | INFO     | __main__:run_main_loop:200 - 🔄 Starting main trading loop...
2026-03-04 11:16:25.795 | INFO     | __main__:signal_handler:324 - Received signal 2, shutting down...
2026-03-04 11:16:26.792 | INFO     | __main__:signal_handler:324 - Received signal 2, shutting down...
2026-03-04 11:16:27.059 | INFO     | __main__:signal_handler:324 - Received signal 2, shutting down...
2026-03-04 11:16:27.332 | INFO     | __main__:signal_handler:324 - Received signal 2, shutting down...
2026-03-04 11:16:27.561 | INFO     | __main__:signal_handler:324 - Received signal 2, shutting down...
2026-03-04 11:16:27.753 | INFO     | __main__:signal_handler:324 - Received signal 2, shutting down...
2026-03-04 11:16:27.948 | INFO     | __main__:signal_handler:324 - Received signal 2, shutting down...
2026-03-04 11:16:28.118 | INFO     | __main__:signal_handler:324 - Received signal 2, shutting down...
2026-03-04 11:16:28.320 | INFO     | __main__:signal_handler:324 - Received signal 2, shutting down...
2026-03-04 11:16:31.283 | INFO     | __main__:signal_handler:324 - Received signal 2, shutting down...
2026-03-04 11:17:01.713 | INFO     | risk_manager:_load_risk_state:76 - 📁 Loaded risk state: Daily PnL=$13.50
2026-03-04 11:17:01.717 | INFO     | risk_manager:__init__:52 - 🛡️ Risk Manager initialized
2026-03-04 11:17:01.718 | INFO     | risk_manager:__init__:53 -    Max Risk per Trade: 1.0%
2026-03-04 11:17:01.719 | INFO     | risk_manager:__init__:54 -    Max Daily Loss: 2.0%
2026-03-04 11:17:01.719 | INFO     | risk_manager:__init__:55 -    Max Drawdown: 15.0%
2026-03-04 11:17:01.721 | INFO     | grid_manager:_load_state:69 - 📁 Loaded grid state: 0 levels
2026-03-04 11:17:01.721 | INFO     | grid_manager:_load_profit_tracker:100 - 💰 No existing profit data found
2026-03-04 11:17:01.722 | INFO     | grid_manager:__init__:56 - 🎯 Gold Grid Manager initialized for XAUUSDm
2026-03-04 11:17:01.723 | INFO     | grid_manager:__init__:57 -    Max Grid Levels: 15
2026-03-04 11:17:01.723 | INFO     | grid_manager:__init__:58 -    Profit Target: 3.0% per level
2026-03-04 11:17:01.724 | INFO     | grid_manager:__init__:59 -    Milestone: $100.0
2026-03-04 11:17:01.725 | INFO     | __main__:__init__:65 - 🤖 Gold Grid Bot initialized
2026-03-04 11:17:01.725 | INFO     | __main__:__init__:66 -    Symbol: XAUUSDm
2026-03-04 11:17:01.726 | INFO     | __main__:__init__:67 -    Strategy: Buy-only Grid with 15 levels
2026-03-04 11:17:01.726 | INFO     | __main__:__init__:68 -    Profit Target: 3.0% per level
2026-03-04 11:17:01.727 | INFO     | __main__:__init__:69 -    Milestone: $100.0
2026-03-04 11:17:01.727 | INFO     | __main__:initialize:74 - 🚀 Initializing Gold Grid Bot...
2026-03-04 11:17:02.739 | INFO     | mt5_broker:connect:26 - Connecting to MT5 (Attempt 1/3)...
2026-03-04 11:17:02.742 | INFO     | mt5_broker:connect:42 - Logging into Exness-MT5Trial15 (Account: 260150554)...
2026-03-04 11:17:02.742 | INFO     | mt5_broker:connect:56 - Connected to MT5 - Balance: $500.00
2026-03-04 11:17:02.743 | INFO     | __main__:initialize:92 - ✅ Connected to MT5 - Account: 260150554
2026-03-04 11:17:02.743 | INFO     | __main__:initialize:93 -    Balance: $500.00
2026-03-04 11:17:02.743 | INFO     | __main__:initialize:94 -    Equity: $500.00
2026-03-04 11:17:02.743 | INFO     | __main__:initialize:102 - ✅ Symbol XAUUSDm available
2026-03-04 11:17:02.746 | INFO     | __main__:initialize:103 -    Spread: 396 points
2026-03-04 11:17:02.746 | INFO     | __main__:initialize:104 -    Min Lot: 0.01
2026-03-04 11:17:02.746 | INFO     | __main__:initialize:105 -    Max Lot: 200.0
2026-03-04 11:17:02.747 | INFO     | risk_manager:_initialize_account_tracking:109 - 💰 Account initialized: Balance=$500.00
2026-03-04 11:17:02.786 | INFO     | __main__:_launch_dashboard:315 - 🖥️ Gold Grid Dashboard launched
2026-03-04 11:17:02.796 | INFO     | __main__:initialize:116 - ✅ Gold Grid Bot initialized successfully
2026-03-04 11:17:02.805 | INFO     | __main__:start:243 - 🚀 Gold Grid Bot started
2026-03-04 11:17:02.806 | INFO     | __main__:run_main_loop:201 - 🔄 Starting main trading loop...
2026-03-04 11:22:02.883 | INFO     | __main__:analyze_market:137 - 🔍 Analyzing market conditions...
2026-03-04 11:22:02.896 | INFO     | market_analyzer:analyze_market_conditions:207 - 🔍 Starting market analysis...
2026-03-04 11:22:02.905 | INFO     | market_analyzer:calculate_atr:45 - 📊 ATR(14): 0.0176 (1.76%)
2026-03-04 11:22:02.932 | INFO     | market_analyzer:calculate_adx:120 - 📈 ADX(14): 24.2 (WEAK BEARISH)
2026-03-04 11:22:02.933 | INFO     | market_analyzer:calculate_ema:137 - 📊 EMA(20): 5126.24
2026-03-04 11:22:02.934 | INFO     | market_analyzer:check_volatility_filter:163 - ✅ Volatility filter: ATR acceptable: 1.76%
2026-03-04 11:22:02.935 | INFO     | market_analyzer:check_trend_filter:194 - ✅ Trend filter: Moderate trend: ADX 24.2 (Normal trading)
2026-03-04 11:22:02.938 | INFO     | market_analyzer:analyze_market_conditions:258 - 📊 Market Analysis Complete: FAVORABLE
2026-03-04 11:22:02.982 | INFO     | market_analyzer:analyze_market_conditions:259 -    Volatility: ✅ (1.76%)
2026-03-04 11:22:02.983 | INFO     | market_analyzer:analyze_market_conditions:260 -    Trend: ✅ (ADX 24.2)
2026-03-04 11:22:02.984 | INFO     | market_analyzer:analyze_market_conditions:261 -    Grid Adjustment: 100%
2026-03-04 11:22:02.984 | INFO     | risk_manager:comprehensive_risk_check:348 - 🔍 Performing comprehensive risk assessment...
2026-03-04 11:22:02.987 | INFO     | risk_manager:check_risk_limits:223 - ✅ All risk limits within bounds
2026-03-04 11:22:02.989 | INFO     | risk_manager:check_volatility_risk:307 - ✅ Volatility risk acceptable: ATR 1.76%
2026-03-04 11:22:02.993 | INFO     | risk_manager:check_trend_risk:335 - ✅ Trend risk acceptable: WEAK trend (ADX 24.2)
2026-03-04 11:22:02.998 | INFO     | risk_manager:comprehensive_risk_check:393 - 📊 Risk Assessment Summary:
2026-03-04 11:22:03.017 | INFO     | risk_manager:comprehensive_risk_check:394 -    Overall: ✅ ALLOWED
2026-03-04 11:22:03.018 | INFO     | risk_manager:comprehensive_risk_check:395 -    Basic Limits: ✅
2026-03-04 11:22:03.020 | INFO     | risk_manager:comprehensive_risk_check:396 -    Volatility: ✅
2026-03-04 11:22:03.020 | INFO     | risk_manager:comprehensive_risk_check:397 -    Trend: ✅
2026-03-04 11:22:03.021 | INFO     | __main__:analyze_market:160 - 📊 Analysis complete - Market: FAVORABLE
2026-03-04 11:22:03.021 | INFO     | __main__:analyze_market:161 -    Trading Allowed: True
2026-03-04 11:22:03.024 | INFO     | __main__:execute_trading_logic:185 - 🎯 Executing grid logic at $5139.44
2026-03-04 11:22:03.027 | INFO     | grid_manager:update_grid:463 - 🔄 Updating grid: Adjustment=100%, Spacing=$37.50
2026-03-04 11:22:03.028 | INFO     | grid_manager:calculate_grid_levels:135 - 📊 Calculated 15 grid levels with $37.50 spacing
2026-03-04 11:22:03.031 | INFO     | grid_manager:calculate_position_size:156 - 📏 Position size: 0.01 lots (Balance: $500.00)
2026-03-04 11:22:03.055 | WARNING  | mt5_broker:_send_with_retry:128 - ⚠️ Trade Retry (1/50): AutoTrading disabled by client (Code 10027). Retrying in 0.5s...
2026-03-04 11:22:03.558 | WARNING  | mt5_broker:_send_with_retry:128 - ⚠️ Trade Retry (2/50): AutoTrading disabled by client (Code 10027). Retrying in 0.5s...
2026-03-04 11:22:04.107 | WARNING  | mt5_broker:_send_with_retry:128 - ⚠️ Trade Retry (3/50): AutoTrading disabled by client (Code 10027). Retrying in 0.5s...
2026-03-04 11:22:04.615 | WARNING  | mt5_broker:_send_with_retry:128 - ⚠️ Trade Retry (4/50): AutoTrading disabled by client (Code 10027). Retrying in 0.5s...
2026-03-04 11:22:05.119 | WARNING  | mt5_broker:_send_with_retry:128 - ⚠️ Trade Retry (5/50): AutoTrading disabled by client (Code 10027). Retrying in 0.5s...
2026-03-04 11:22:05.621 | WARNING  | mt5_broker:_send_with_retry:128 - ⚠️ Trade Retry (6/50): AutoTrading disabled by client (Code 10027). Retrying in 0.5s...
2026-03-04 11:22:06.132 | WARNING  | mt5_broker:_send_with_retry:128 - ⚠️ Trade Retry (7/50): AutoTrading disabled by client (Code 10027). Retrying in 0.5s...
2026-03-04 11:22:06.635 | WARNING  | mt5_broker:_send_with_retry:128 - ⚠️ Trade Retry (8/50): AutoTrading disabled by client (Code 10027). Retrying in 0.5s...
2026-03-04 11:22:07.149 | WARNING  | mt5_broker:_send_with_retry:128 - ⚠️ Trade Retry (9/50): AutoTrading disabled by client (Code 10027). Retrying in 0.5s...
2026-03-04 11:22:07.652 | WARNING  | mt5_broker:_send_with_retry:128 - ⚠️ Trade Retry (10/50): AutoTrading disabled by client (Code 10027). Retrying in 0.5s...
2026-03-04 11:22:08.161 | WARNING  | mt5_broker:_send_with_retry:128 - ⚠️ Trade Retry (11/50): AutoTrading disabled by client (Code 10027). Retrying in 0.5s...
2026-03-04 11:22:08.670 | WARNING  | mt5_broker:_send_with_retry:128 - ⚠️ Trade Retry (12/50): AutoTrading disabled by client (Code 10027). Retrying in 0.5s...
2026-03-04 11:22:09.186 | WARNING  | mt5_broker:_send_with_retry:128 - ⚠️ Trade Retry (13/50): AutoTrading disabled by client (Code 10027). Retrying in 0.5s...
2026-03-04 11:22:09.703 | WARNING  | mt5_broker:_send_with_retry:128 - ⚠️ Trade Retry (14/50): AutoTrading disabled by client (Code 10027). Retrying in 0.5s...
2026-03-04 11:22:10.218 | WARNING  | mt5_broker:_send_with_retry:128 - ⚠️ Trade Retry (15/50): AutoTrading disabled by client (Code 10027). Retrying in 0.5s...
2026-03-04 11:22:10.738 | WARNING  | mt5_broker:_send_with_retry:128 - ⚠️ Trade Retry (16/50): AutoTrading disabled by client (Code 10027). Retrying in 0.5s...
2026-03-04 11:22:11.253 | WARNING  | mt5_broker:_send_with_retry:128 - ⚠️ Trade Retry (17/50): AutoTrading disabled by client (Code 10027). Retrying in 0.5s...
2026-03-04 11:22:11.953 | INFO     | grid_manager:place_grid_orders:215 - 📈 Grid order placed: BUY LIMIT at $5101.94 (0.01 lots)
2026-03-04 11:22:11.954 | INFO     | grid_manager:calculate_position_size:156 - 📏 Position size: 0.01 lots (Balance: $500.00)
2026-03-04 11:22:12.095 | INFO     | grid_manager:place_grid_orders:215 - 📈 Grid order placed: BUY LIMIT at $5064.44 (0.01 lots)
2026-03-04 11:22:12.096 | INFO     | grid_manager:calculate_position_size:156 - 📏 Position size: 0.01 lots (Balance: $500.00)
2026-03-04 11:22:12.261 | INFO     | grid_manager:place_grid_orders:215 - 📈 Grid order placed: BUY LIMIT at $5026.94 (0.01 lots)
2026-03-04 11:22:12.261 | INFO     | grid_manager:calculate_position_size:156 - 📏 Position size: 0.01 lots (Balance: $500.00)
2026-03-04 11:22:12.425 | INFO     | grid_manager:place_grid_orders:215 - 📈 Grid order placed: BUY LIMIT at $4989.44 (0.01 lots)
2026-03-04 11:22:12.431 | INFO     | grid_manager:calculate_position_size:156 - 📏 Position size: 0.01 lots (Balance: $500.00)
2026-03-04 11:22:12.623 | INFO     | grid_manager:place_grid_orders:215 - 📈 Grid order placed: BUY LIMIT at $4951.94 (0.01 lots)
2026-03-04 11:22:12.624 | INFO     | grid_manager:calculate_position_size:156 - 📏 Position size: 0.01 lots (Balance: $500.00)
2026-03-04 11:22:12.794 | INFO     | grid_manager:place_grid_orders:215 - 📈 Grid order placed: BUY LIMIT at $4914.44 (0.01 lots)
2026-03-04 11:22:12.794 | INFO     | grid_manager:calculate_position_size:156 - 📏 Position size: 0.01 lots (Balance: $500.00)
2026-03-04 11:22:12.948 | INFO     | grid_manager:place_grid_orders:215 - 📈 Grid order placed: BUY LIMIT at $4876.94 (0.01 lots)
2026-03-04 11:22:12.948 | INFO     | grid_manager:calculate_position_size:156 - 📏 Position size: 0.01 lots (Balance: $500.00)
2026-03-04 11:22:13.143 | INFO     | grid_manager:place_grid_orders:215 - 📈 Grid order placed: BUY LIMIT at $4839.44 (0.01 lots)
2026-03-04 11:22:13.144 | INFO     | grid_manager:calculate_position_size:156 - 📏 Position size: 0.01 lots (Balance: $500.00)
2026-03-04 11:22:13.329 | INFO     | grid_manager:place_grid_orders:215 - 📈 Grid order placed: BUY LIMIT at $4801.94 (0.01 lots)
2026-03-04 11:22:13.331 | INFO     | grid_manager:calculate_position_size:156 - 📏 Position size: 0.01 lots (Balance: $500.00)
2026-03-04 11:22:13.496 | INFO     | grid_manager:place_grid_orders:215 - 📈 Grid order placed: BUY LIMIT at $4764.44 (0.01 lots)
2026-03-04 11:22:13.496 | INFO     | grid_manager:calculate_position_size:156 - 📏 Position size: 0.01 lots (Balance: $500.00)
2026-03-04 11:22:13.668 | INFO     | grid_manager:place_grid_orders:215 - 📈 Grid order placed: BUY LIMIT at $4726.94 (0.01 lots)
2026-03-04 11:22:13.668 | INFO     | grid_manager:calculate_position_size:156 - 📏 Position size: 0.01 lots (Balance: $500.00)
2026-03-04 11:22:13.841 | INFO     | grid_manager:place_grid_orders:215 - 📈 Grid order placed: BUY LIMIT at $4689.44 (0.01 lots)
2026-03-04 11:22:13.841 | INFO     | grid_manager:calculate_position_size:156 - 📏 Position size: 0.01 lots (Balance: $500.00)
2026-03-04 11:22:14.001 | INFO     | grid_manager:place_grid_orders:215 - 📈 Grid order placed: BUY LIMIT at $4651.94 (0.01 lots)
2026-03-04 11:22:14.001 | INFO     | grid_manager:calculate_position_size:156 - 📏 Position size: 0.01 lots (Balance: $500.00)
2026-03-04 11:22:14.203 | INFO     | grid_manager:place_grid_orders:215 - 📈 Grid order placed: BUY LIMIT at $4614.44 (0.01 lots)
2026-03-04 11:22:14.203 | INFO     | grid_manager:calculate_position_size:156 - 📏 Position size: 0.01 lots (Balance: $500.00)
2026-03-04 11:22:14.374 | INFO     | grid_manager:place_grid_orders:215 - 📈 Grid order placed: BUY LIMIT at $4576.94 (0.01 lots)
2026-03-04 11:22:14.374 | INFO     | grid_manager:place_grid_orders:221 - ✅ Placed 15 new grid orders
2026-03-04 11:22:14.379 | INFO     | grid_manager:update_grid:484 - 📊 Grid Status: 15 pending, 0 active, Total profit: $0.00
2026-03-04 11:22:14.379 | INFO     | __main__:execute_trading_logic:192 - 📊 Grid Status: 15 pending, 0 active
2026-03-04 11:27:14.429 | INFO     | __main__:analyze_market:137 - 🔍 Analyzing market conditions...
2026-03-04 11:27:14.436 | INFO     | market_analyzer:analyze_market_conditions:207 - 🔍 Starting market analysis...
2026-03-04 11:27:14.442 | INFO     | market_analyzer:calculate_atr:45 - 📊 ATR(14): 0.0176 (1.76%)
2026-03-04 11:27:14.451 | INFO     | market_analyzer:calculate_adx:120 - 📈 ADX(14): 24.2 (WEAK BEARISH)
2026-03-04 11:27:14.452 | INFO     | market_analyzer:calculate_ema:137 - 📊 EMA(20): 5126.07
2026-03-04 11:27:14.453 | INFO     | market_analyzer:check_volatility_filter:163 - ✅ Volatility filter: ATR acceptable: 1.76%
2026-03-04 11:27:14.454 | INFO     | market_analyzer:check_trend_filter:194 - ✅ Trend filter: Moderate trend: ADX 24.2 (Normal trading)
2026-03-04 11:27:14.455 | INFO     | market_analyzer:analyze_market_conditions:258 - 📊 Market Analysis Complete: FAVORABLE
2026-03-04 11:27:14.458 | INFO     | market_analyzer:analyze_market_conditions:259 -    Volatility: ✅ (1.76%)
2026-03-04 11:27:14.503 | INFO     | market_analyzer:analyze_market_conditions:260 -    Trend: ✅ (ADX 24.2)
2026-03-04 11:27:14.505 | INFO     | market_analyzer:analyze_market_conditions:261 -    Grid Adjustment: 100%
2026-03-04 11:27:14.509 | INFO     | risk_manager:comprehensive_risk_check:348 - 🔍 Performing comprehensive risk assessment...
2026-03-04 11:27:14.636 | INFO     | risk_manager:check_risk_limits:223 - ✅ All risk limits within bounds
2026-03-04 11:27:14.834 | INFO     | risk_manager:check_volatility_risk:307 - ✅ Volatility risk acceptable: ATR 1.76%
2026-03-04 11:27:14.842 | INFO     | risk_manager:check_trend_risk:335 - ✅ Trend risk acceptable: WEAK trend (ADX 24.2)
2026-03-04 11:27:14.878 | INFO     | risk_manager:comprehensive_risk_check:393 - 📊 Risk Assessment Summary:
2026-03-04 11:27:14.902 | INFO     | risk_manager:comprehensive_risk_check:394 -    Overall: ✅ ALLOWED
2026-03-04 11:27:14.902 | INFO     | risk_manager:comprehensive_risk_check:395 -    Basic Limits: ✅
2026-03-04 11:27:14.906 | INFO     | risk_manager:comprehensive_risk_check:396 -    Volatility: ✅
2026-03-04 11:27:14.931 | INFO     | risk_manager:comprehensive_risk_check:397 -    Trend: ✅
2026-03-04 11:27:14.934 | INFO     | __main__:analyze_market:160 - 📊 Analysis complete - Market: FAVORABLE
2026-03-04 11:27:14.935 | INFO     | __main__:analyze_market:161 -    Trading Allowed: True
2026-03-04 11:27:14.936 | INFO     | __main__:execute_trading_logic:185 - 🎯 Executing grid logic at $5137.68
2026-03-04 11:27:14.937 | INFO     | grid_manager:update_grid:463 - 🔄 Updating grid: Adjustment=100%, Spacing=$37.50
2026-03-04 11:27:14.938 | INFO     | grid_manager:calculate_grid_levels:135 - 📊 Calculated 15 grid levels with $37.50 spacing
2026-03-04 11:27:14.940 | INFO     | grid_manager:calculate_position_size:156 - 📏 Position size: 0.01 lots (Balance: $500.00)
2026-03-04 11:27:15.092 | INFO     | grid_manager:place_grid_orders:215 - 📈 Grid order placed: BUY LIMIT at $5100.18 (0.01 lots)
2026-03-04 11:27:15.093 | INFO     | grid_manager:calculate_position_size:156 - 📏 Position size: 0.01 lots (Balance: $500.00)
2026-03-04 11:27:15.236 | INFO     | grid_manager:place_grid_orders:215 - 📈 Grid order placed: BUY LIMIT at $5062.68 (0.01 lots)
2026-03-04 11:27:15.237 | INFO     | grid_manager:calculate_position_size:156 - 📏 Position size: 0.01 lots (Balance: $500.00)
2026-03-04 11:27:15.434 | INFO     | grid_manager:place_grid_orders:215 - 📈 Grid order placed: BUY LIMIT at $5025.18 (0.01 lots)
2026-03-04 11:27:15.435 | INFO     | grid_manager:calculate_position_size:156 - 📏 Position size: 0.01 lots (Balance: $500.00)
2026-03-04 11:27:15.607 | INFO     | grid_manager:place_grid_orders:215 - 📈 Grid order placed: BUY LIMIT at $4987.68 (0.01 lots)
2026-03-04 11:27:15.652 | INFO     | grid_manager:calculate_position_size:156 - 📏 Position size: 0.01 lots (Balance: $500.00)
2026-03-04 11:27:15.861 | INFO     | grid_manager:place_grid_orders:215 - 📈 Grid order placed: BUY LIMIT at $4950.18 (0.01 lots)
2026-03-04 11:27:15.929 | INFO     | grid_manager:calculate_position_size:156 - 📏 Position size: 0.01 lots (Balance: $500.00)
2026-03-04 11:27:16.157 | INFO     | grid_manager:place_grid_orders:215 - 📈 Grid order placed: BUY LIMIT at $4912.68 (0.01 lots)
2026-03-04 11:27:16.244 | INFO     | grid_manager:calculate_position_size:156 - 📏 Position size: 0.01 lots (Balance: $500.00)
2026-03-04 11:27:16.440 | INFO     | grid_manager:place_grid_orders:215 - 📈 Grid order placed: BUY LIMIT at $4875.18 (0.01 lots)
2026-03-04 11:27:16.441 | INFO     | grid_manager:calculate_position_size:156 - 📏 Position size: 0.01 lots (Balance: $500.00)
2026-03-04 11:27:16.613 | INFO     | grid_manager:place_grid_orders:215 - 📈 Grid order placed: BUY LIMIT at $4837.68 (0.01 lots)
2026-03-04 11:27:16.616 | INFO     | grid_manager:calculate_position_size:156 - 📏 Position size: 0.01 lots (Balance: $500.00)
2026-03-04 11:27:16.786 | INFO     | grid_manager:place_grid_orders:215 - 📈 Grid order placed: BUY LIMIT at $4800.18 (0.01 lots)
2026-03-04 11:27:16.787 | INFO     | grid_manager:calculate_position_size:156 - 📏 Position size: 0.01 lots (Balance: $500.00)
2026-03-04 11:27:16.925 | INFO     | grid_manager:place_grid_orders:215 - 📈 Grid order placed: BUY LIMIT at $4762.68 (0.01 lots)
2026-03-04 11:27:16.936 | INFO     | grid_manager:calculate_position_size:156 - 📏 Position size: 0.01 lots (Balance: $500.00)
2026-03-04 11:27:17.121 | INFO     | grid_manager:place_grid_orders:215 - 📈 Grid order placed: BUY LIMIT at $4725.18 (0.01 lots)
2026-03-04 11:27:17.122 | INFO     | grid_manager:calculate_position_size:156 - 📏 Position size: 0.01 lots (Balance: $500.00)
2026-03-04 11:27:17.278 | INFO     | grid_manager:place_grid_orders:215 - 📈 Grid order placed: BUY LIMIT at $4687.68 (0.01 lots)
2026-03-04 11:27:17.279 | INFO     | grid_manager:calculate_position_size:156 - 📏 Position size: 0.01 lots (Balance: $500.00)
2026-03-04 11:27:17.482 | INFO     | grid_manager:place_grid_orders:215 - 📈 Grid order placed: BUY LIMIT at $4650.18 (0.01 lots)
2026-03-04 11:27:17.484 | INFO     | grid_manager:calculate_position_size:156 - 📏 Position size: 0.01 lots (Balance: $500.00)
2026-03-04 11:27:17.645 | INFO     | grid_manager:place_grid_orders:215 - 📈 Grid order placed: BUY LIMIT at $4612.68 (0.01 lots)
2026-03-04 11:27:17.646 | INFO     | grid_manager:calculate_position_size:156 - 📏 Position size: 0.01 lots (Balance: $500.00)
2026-03-04 11:27:17.837 | INFO     | grid_manager:place_grid_orders:215 - 📈 Grid order placed: BUY LIMIT at $4575.18 (0.01 lots)
2026-03-04 11:27:17.842 | INFO     | grid_manager:place_grid_orders:221 - ✅ Placed 15 new grid orders
2026-03-04 11:27:17.845 | INFO     | grid_manager:update_grid:484 - 📊 Grid Status: 30 pending, 0 active, Total profit: $0.00
2026-03-04 11:27:17.846 | INFO     | __main__:execute_trading_logic:192 - 📊 Grid Status: 30 pending, 0 active
2026-03-04 11:32:17.953 | INFO     | __main__:analyze_market:137 - 🔍 Analyzing market conditions...
2026-03-04 11:32:17.970 | INFO     | market_analyzer:analyze_market_conditions:207 - 🔍 Starting market analysis...
2026-03-04 11:32:17.975 | INFO     | market_analyzer:calculate_atr:45 - 📊 ATR(14): 0.0176 (1.76%)
2026-03-04 11:32:17.980 | INFO     | market_analyzer:calculate_adx:120 - 📈 ADX(14): 24.2 (WEAK BEARISH)
2026-03-04 11:32:17.983 | INFO     | market_analyzer:calculate_ema:137 - 📊 EMA(20): 5126.32
2026-03-04 11:32:17.984 | INFO     | market_analyzer:check_volatility_filter:163 - ✅ Volatility filter: ATR acceptable: 1.76%
2026-03-04 11:32:17.985 | INFO     | market_analyzer:check_trend_filter:194 - ✅ Trend filter: Moderate trend: ADX 24.2 (Normal trading)
2026-03-04 11:32:17.986 | INFO     | market_analyzer:analyze_market_conditions:258 - 📊 Market Analysis Complete: FAVORABLE
2026-03-04 11:32:17.986 | INFO     | market_analyzer:analyze_market_conditions:259 -    Volatility: ✅ (1.76%)
2026-03-04 11:32:17.987 | INFO     | market_analyzer:analyze_market_conditions:260 -    Trend: ✅ (ADX 24.2)
2026-03-04 11:32:17.988 | INFO     | market_analyzer:analyze_market_conditions:261 -    Grid Adjustment: 100%
2026-03-04 11:32:17.988 | INFO     | risk_manager:comprehensive_risk_check:348 - 🔍 Performing comprehensive risk assessment...
2026-03-04 11:32:17.993 | INFO     | risk_manager:check_risk_limits:223 - ✅ All risk limits within bounds
2026-03-04 11:32:17.994 | INFO     | risk_manager:check_volatility_risk:307 - ✅ Volatility risk acceptable: ATR 1.76%
2026-03-04 11:32:17.995 | INFO     | risk_manager:check_trend_risk:335 - ✅ Trend risk acceptable: WEAK trend (ADX 24.2)
2026-03-04 11:32:17.996 | INFO     | risk_manager:comprehensive_risk_check:393 - 📊 Risk Assessment Summary:
2026-03-04 11:32:17.998 | INFO     | risk_manager:comprehensive_risk_check:394 -    Overall: ✅ ALLOWED
2026-03-04 11:32:17.998 | INFO     | risk_manager:comprehensive_risk_check:395 -    Basic Limits: ✅
2026-03-04 11:32:17.999 | INFO     | risk_manager:comprehensive_risk_check:396 -    Volatility: ✅
2026-03-04 11:32:18.000 | INFO     | risk_manager:comprehensive_risk_check:397 -    Trend: ✅
2026-03-04 11:32:18.001 | INFO     | __main__:analyze_market:160 - 📊 Analysis complete - Market: FAVORABLE
2026-03-04 11:32:18.002 | INFO     | __main__:analyze_market:161 -    Trading Allowed: True
2026-03-04 11:32:18.002 | INFO     | __main__:execute_trading_logic:185 - 🎯 Executing grid logic at $5140.21
2026-03-04 11:32:18.003 | INFO     | grid_manager:update_grid:463 - 🔄 Updating grid: Adjustment=100%, Spacing=$37.50
2026-03-04 11:32:18.004 | INFO     | grid_manager:calculate_grid_levels:135 - 📊 Calculated 15 grid levels with $37.50 spacing
2026-03-04 11:32:18.005 | INFO     | grid_manager:calculate_position_size:156 - 📏 Position size: 0.01 lots (Balance: $500.00)
2026-03-04 11:32:18.213 | INFO     | grid_manager:place_grid_orders:215 - 📈 Grid order placed: BUY LIMIT at $5102.71 (0.01 lots)
2026-03-04 11:32:18.216 | INFO     | grid_manager:calculate_position_size:156 - 📏 Position size: 0.01 lots (Balance: $500.00)
2026-03-04 11:32:18.406 | INFO     | grid_manager:place_grid_orders:215 - 📈 Grid order placed: BUY LIMIT at $5065.21 (0.01 lots)
2026-03-04 11:32:18.409 | INFO     | grid_manager:calculate_position_size:156 - 📏 Position size: 0.01 lots (Balance: $500.00)
2026-03-04 11:32:18.606 | INFO     | grid_manager:place_grid_orders:215 - 📈 Grid order placed: BUY LIMIT at $5027.71 (0.01 lots)
2026-03-04 11:32:18.614 | INFO     | grid_manager:calculate_position_size:156 - 📏 Position size: 0.01 lots (Balance: $500.00)
2026-03-04 11:32:18.755 | INFO     | grid_manager:place_grid_orders:215 - 📈 Grid order placed: BUY LIMIT at $4990.21 (0.01 lots)
2026-03-04 11:32:18.761 | INFO     | grid_manager:calculate_position_size:156 - 📏 Position size: 0.01 lots (Balance: $500.00)
2026-03-04 11:32:18.932 | INFO     | grid_manager:place_grid_orders:215 - 📈 Grid order placed: BUY LIMIT at $4952.71 (0.01 lots)
2026-03-04 11:32:18.933 | INFO     | grid_manager:calculate_position_size:156 - 📏 Position size: 0.01 lots (Balance: $500.00)
2026-03-04 11:32:19.129 | INFO     | grid_manager:place_grid_orders:215 - 📈 Grid order placed: BUY LIMIT at $4915.21 (0.01 lots)
2026-03-04 11:32:19.130 | INFO     | grid_manager:calculate_position_size:156 - 📏 Position size: 0.01 lots (Balance: $500.00)
2026-03-04 11:32:19.307 | INFO     | grid_manager:place_grid_orders:215 - 📈 Grid order placed: BUY LIMIT at $4877.71 (0.01 lots)
2026-03-04 11:32:19.308 | INFO     | grid_manager:calculate_position_size:156 - 📏 Position size: 0.01 lots (Balance: $500.00)
2026-03-04 11:32:19.508 | INFO     | grid_manager:place_grid_orders:215 - 📈 Grid order placed: BUY LIMIT at $4840.21 (0.01 lots)
2026-03-04 11:32:19.509 | INFO     | grid_manager:calculate_position_size:156 - 📏 Position size: 0.01 lots (Balance: $500.00)
2026-03-04 11:32:19.687 | INFO     | grid_manager:place_grid_orders:215 - 📈 Grid order placed: BUY LIMIT at $4802.71 (0.01 lots)
2026-03-04 11:32:19.691 | INFO     | grid_manager:calculate_position_size:156 - 📏 Position size: 0.01 lots (Balance: $500.00)
2026-03-04 11:32:19.863 | INFO     | grid_manager:place_grid_orders:215 - 📈 Grid order placed: BUY LIMIT at $4765.21 (0.01 lots)
2026-03-04 11:32:19.863 | INFO     | grid_manager:calculate_position_size:156 - 📏 Position size: 0.01 lots (Balance: $500.00)
2026-03-04 11:32:20.020 | INFO     | grid_manager:place_grid_orders:215 - 📈 Grid order placed: BUY LIMIT at $4727.71 (0.01 lots)
2026-03-04 11:32:20.021 | INFO     | grid_manager:calculate_position_size:156 - 📏 Position size: 0.01 lots (Balance: $500.00)
2026-03-04 11:32:20.208 | INFO     | grid_manager:place_grid_orders:215 - 📈 Grid order placed: BUY LIMIT at $4690.21 (0.01 lots)
2026-03-04 11:32:20.210 | INFO     | grid_manager:calculate_position_size:156 - 📏 Position size: 0.01 lots (Balance: $500.00)
2026-03-04 11:32:20.419 | INFO     | grid_manager:place_grid_orders:215 - 📈 Grid order placed: BUY LIMIT at $4652.71 (0.01 lots)
2026-03-04 11:32:20.420 | INFO     | grid_manager:calculate_position_size:156 - 📏 Position size: 0.01 lots (Balance: $500.00)
2026-03-04 11:32:20.568 | INFO     | grid_manager:place_grid_orders:215 - 📈 Grid order placed: BUY LIMIT at $4615.21 (0.01 lots)
2026-03-04 11:32:20.570 | INFO     | grid_manager:calculate_position_size:156 - 📏 Position size: 0.01 lots (Balance: $500.00)
2026-03-04 11:32:20.728 | INFO     | grid_manager:place_grid_orders:215 - 📈 Grid order placed: BUY LIMIT at $4577.71 (0.01 lots)
2026-03-04 11:32:20.744 | INFO     | grid_manager:place_grid_orders:221 - ✅ Placed 15 new grid orders
2026-03-04 11:32:20.791 | INFO     | grid_manager:update_grid:484 - 📊 Grid Status: 45 pending, 0 active, Total profit: $0.00
2026-03-04 11:32:20.792 | INFO     | __main__:execute_trading_logic:192 - 📊 Grid Status: 45 pending, 0 active
2026-03-04 11:40:35.558 | INFO     | __main__:analyze_market:137 - 🔍 Analyzing market conditions...
2026-03-04 11:40:35.598 | WARNING  | mt5_broker:get_market_data:99 - No data received for XAUUSDm
2026-03-04 11:40:35.659 | WARNING  | __main__:get_market_data:128 - No data received for XAUUSDm on H4
2026-03-04 11:40:35.663 | WARNING  | mt5_broker:get_market_data:99 - No data received for XAUUSDm
2026-03-04 11:40:35.667 | WARNING  | __main__:get_market_data:128 - No data received for XAUUSDm on D1
2026-03-04 11:40:35.671 | ERROR    | __main__:analyze_market:144 - Insufficient market data for analysis
2026-03-04 11:40:42.237 | INFO     | __main__:signal_handler:325 - Received signal 2, shutting down...
2026-03-04 11:40:42.468 | INFO     | __main__:signal_handler:325 - Received signal 2, shutting down...
2026-03-04 11:40:42.646 | INFO     | __main__:signal_handler:325 - Received signal 2, shutting down...
2026-03-04 11:40:42.837 | INFO     | __main__:signal_handler:325 - Received signal 2, shutting down...
2026-03-04 11:40:43.048 | INFO     | __main__:signal_handler:325 - Received signal 2, shutting down...
2026-03-04 11:40:43.270 | INFO     | __main__:signal_handler:325 - Received signal 2, shutting down...
2026-03-04 11:40:43.479 | INFO     | __main__:signal_handler:325 - Received signal 2, shutting down...
2026-03-04 11:40:43.713 | INFO     | __main__:signal_handler:325 - Received signal 2, shutting down...
